<?xml version="1.0" encoding="UTF-8"?>
<testsuite xmlns:xsi="http://www.w3.org/2001/XMLSchema-instance" xsi:noNamespaceSchemaLocation="https://maven.apache.org/surefire/maven-surefire-plugin/xsd/surefire-test-report.xsd" name="TestSuite" time="7.538" tests="2" errors="0" skipped="0" failures="1">
  <properties>
[...]
</properties>
  <testcase name="testCookisInfo" classname="day3.CookisTest" time="1.981"/>
  <testcase name="testHeaders4" classname="day3.HeaderTest" time="0.042">
    <failure message="Connection refused (Connection refused)" type="java.net.ConnectException">java.net.ConnectException: Connection refused (Connection refused)
	at day3.HeaderTest.testHeaders4(HeaderTest.java:65)
</failure>
  </testcase>
</testsuite>