<?xml version="1.0" encoding="UTF-8"?>
<testng-results ignored="0" total="2" passed="2" failed="0" skipped="0">
  <reporter-output>
  </reporter-output>
  <suite started-at="2023-01-22T21:56:34 EST" name="Default suite" finished-at="2023-01-22T21:56:37 EST" duration-ms="3145">
    <groups>
    </groups>
    <test started-at="2023-01-22T21:56:34 EST" name="Default test" finished-at="2023-01-22T21:56:37 EST" duration-ms="3145">
      <class name="day5.testXMLResponse">
        <test-method signature="testResponseWithXML_2()[pri:0, instance:day5.testXMLResponse@581ac8a8]" started-at="2023-01-22T21:56:34 EST" name="testResponseWithXML_2" finished-at="2023-01-22T21:56:36 EST" duration-ms="2382" status="PASS">
          <reporter-output>
          </reporter-output>
        </test-method> <!-- testResponseWithXML_2 -->
        <test-method signature="testResponseWithXML_3()[pri:0, instance:day5.testXMLResponse@581ac8a8]" started-at="2023-01-22T21:56:36 EST" name="testResponseWithXML_3" finished-at="2023-01-22T21:56:37 EST" duration-ms="719" status="PASS">
          <reporter-output>
          </reporter-output>
        </test-method> <!-- testResponseWithXML_3 -->
      </class> <!-- day5.testXMLResponse -->
    </test> <!-- Default test -->
  </suite> <!-- Default suite -->
</testng-results>
